<?xml version="1.0" encoding="UTF-8"?>
<testsuite name="SquadTest" tests="4" skipped="0" failures="0" errors="0" timestamp="2019-04-17T06:53:50" hostname="mark-HP-Laptop-15-bs1xx" time="0.001">
  <properties/>
  <testcase name="Squad_instantiateswithName_String" classname="SquadTest" time="0.0"/>
  <testcase name="Squad_instantiateswithSize_int" classname="SquadTest" time="0.0"/>
  <testcase name="Squad_instantiateswithCause_String" classname="SquadTest" time="0.0"/>
  <testcase name="Squad_instantiatesCorrectly_true" classname="SquadTest" time="0.0"/>
  <system-out><![CDATA[]]></system-out>
  <system-err><![CDATA[]]></system-err>
</testsuite>
